{"total": {"lines":{"total":332,"covered":305,"skipped":0,"pct":91.86},"statements":{"total":341,"covered":314,"skipped":0,"pct":92.08},"functions":{"total":77,"covered":71,"skipped":0,"pct":92.2},"branches":{"total":152,"covered":104,"skipped":0,"pct":68.42},"branchesTrue":{"total":0,"covered":0,"skipped":0,"pct":100}}
,"/home/cisguru/Source/i45/i45/src/core/DataContext.ts": {"lines":{"total":132,"covered":124,"skipped":0,"pct":93.93},"functions":{"total":27,"covered":25,"skipped":0,"pct":92.59},"statements":{"total":133,"covered":125,"skipped":0,"pct":93.98},"branches":{"total":34,"covered":27,"skipped":0,"pct":79.41}}
,"/home/cisguru/Source/i45/i45/src/core/StorageManager.ts": {"lines":{"total":41,"covered":39,"skipped":0,"pct":95.12},"functions":{"total":6,"covered":6,"skipped":0,"pct":100},"statements":{"total":41,"covered":39,"skipped":0,"pct":95.12},"branches":{"total":7,"covered":5,"skipped":0,"pct":71.42}}
,"/home/cisguru/Source/i45/i45/src/errors/DataRetrievalError.ts": {"lines":{"total":4,"covered":4,"skipped":0,"pct":100},"functions":{"total":1,"covered":1,"skipped":0,"pct":100},"statements":{"total":5,"covered":5,"skipped":0,"pct":100},"branches":{"total":0,"covered":0,"skipped":0,"pct":100}}
,"/home/cisguru/Source/i45/i45/src/errors/DataServiceUnavailable.ts": {"lines":{"total":3,"covered":3,"skipped":0,"pct":100},"functions":{"total":1,"covered":1,"skipped":0,"pct":100},"statements":{"total":3,"covered":3,"skipped":0,"pct":100},"branches":{"total":1,"covered":1,"skipped":0,"pct":100}}
,"/home/cisguru/Source/i45/i45/src/errors/PersistenceServiceNotEnabled.ts": {"lines":{"total":3,"covered":3,"skipped":0,"pct":100},"functions":{"total":1,"covered":1,"skipped":0,"pct":100},"statements":{"total":3,"covered":3,"skipped":0,"pct":100},"branches":{"total":1,"covered":1,"skipped":0,"pct":100}}
,"/home/cisguru/Source/i45/i45/src/errors/StorageKeyError.ts": {"lines":{"total":4,"covered":4,"skipped":0,"pct":100},"functions":{"total":1,"covered":1,"skipped":0,"pct":100},"statements":{"total":4,"covered":4,"skipped":0,"pct":100},"branches":{"total":0,"covered":0,"skipped":0,"pct":100}}
,"/home/cisguru/Source/i45/i45/src/errors/StorageLocationError.ts": {"lines":{"total":4,"covered":4,"skipped":0,"pct":100},"functions":{"total":1,"covered":1,"skipped":0,"pct":100},"statements":{"total":5,"covered":5,"skipped":0,"pct":100},"branches":{"total":0,"covered":0,"skipped":0,"pct":100}}
,"/home/cisguru/Source/i45/i45/src/errors/StorageQuotaError.ts": {"lines":{"total":5,"covered":5,"skipped":0,"pct":100},"functions":{"total":1,"covered":1,"skipped":0,"pct":100},"statements":{"total":5,"covered":5,"skipped":0,"pct":100},"branches":{"total":1,"covered":1,"skipped":0,"pct":100}}
,"/home/cisguru/Source/i45/i45/src/errors/index.ts": {"lines":{"total":6,"covered":6,"skipped":0,"pct":100},"functions":{"total":6,"covered":6,"skipped":0,"pct":100},"statements":{"total":12,"covered":12,"skipped":0,"pct":100},"branches":{"total":0,"covered":0,"skipped":0,"pct":100}}
,"/home/cisguru/Source/i45/i45/src/models/DataContextConfig.ts": {"lines":{"total":8,"covered":8,"skipped":0,"pct":100},"functions":{"total":2,"covered":2,"skipped":0,"pct":100},"statements":{"total":8,"covered":8,"skipped":0,"pct":100},"branches":{"total":10,"covered":9,"skipped":0,"pct":90}}
,"/home/cisguru/Source/i45/i45/src/models/databaseSettings.ts": {"lines":{"total":3,"covered":2,"skipped":0,"pct":66.66},"functions":{"total":1,"covered":0,"skipped":0,"pct":0},"statements":{"total":3,"covered":2,"skipped":0,"pct":66.66},"branches":{"total":5,"covered":0,"skipped":0,"pct":0}}
,"/home/cisguru/Source/i45/i45/src/models/storageItem.ts": {"lines":{"total":2,"covered":2,"skipped":0,"pct":100},"functions":{"total":1,"covered":1,"skipped":0,"pct":100},"statements":{"total":2,"covered":2,"skipped":0,"pct":100},"branches":{"total":0,"covered":0,"skipped":0,"pct":100}}
,"/home/cisguru/Source/i45/i45/src/models/storageLocations.ts": {"lines":{"total":3,"covered":3,"skipped":0,"pct":100},"functions":{"total":1,"covered":1,"skipped":0,"pct":100},"statements":{"total":3,"covered":3,"skipped":0,"pct":100},"branches":{"total":2,"covered":2,"skipped":0,"pct":100}}
,"/home/cisguru/Source/i45/i45/src/services/LocalStorageService.ts": {"lines":{"total":30,"covered":28,"skipped":0,"pct":93.33},"functions":{"total":6,"covered":6,"skipped":0,"pct":100},"statements":{"total":30,"covered":28,"skipped":0,"pct":93.33},"branches":{"total":20,"covered":14,"skipped":0,"pct":70}}
,"/home/cisguru/Source/i45/i45/src/services/SessionStorageService.ts": {"lines":{"total":30,"covered":27,"skipped":0,"pct":90},"functions":{"total":6,"covered":6,"skipped":0,"pct":100},"statements":{"total":30,"covered":27,"skipped":0,"pct":90},"branches":{"total":20,"covered":13,"skipped":0,"pct":65}}
,"/home/cisguru/Source/i45/i45/src/services/base/BaseStorageService.ts": {"lines":{"total":20,"covered":14,"skipped":0,"pct":70},"functions":{"total":4,"covered":3,"skipped":0,"pct":75},"statements":{"total":20,"covered":14,"skipped":0,"pct":70},"branches":{"total":13,"covered":3,"skipped":0,"pct":23.07}}
,"/home/cisguru/Source/i45/i45/src/utils/ErrorHandler.ts": {"lines":{"total":16,"covered":13,"skipped":0,"pct":81.25},"functions":{"total":6,"covered":5,"skipped":0,"pct":83.33},"statements":{"total":16,"covered":13,"skipped":0,"pct":81.25},"branches":{"total":21,"covered":12,"skipped":0,"pct":57.14}}
,"/home/cisguru/Source/i45/i45/src/utils/ValidationUtils.ts": {"lines":{"total":18,"covered":16,"skipped":0,"pct":88.88},"functions":{"total":5,"covered":4,"skipped":0,"pct":80},"statements":{"total":18,"covered":16,"skipped":0,"pct":88.88},"branches":{"total":17,"covered":16,"skipped":0,"pct":94.11}}
}
