{"total": {"lines":{"total":1047,"covered":849,"skipped":0,"pct":81.08},"statements":{"total":1082,"covered":881,"skipped":0,"pct":81.42},"functions":{"total":235,"covered":183,"skipped":0,"pct":77.87},"branches":{"total":603,"covered":405,"skipped":0,"pct":67.16},"branchesTrue":{"total":0,"covered":0,"skipped":0,"pct":100}}
,"/home/cisguru/Source/i45/i45/src/core/DataContext.ts": {"lines":{"total":288,"covered":233,"skipped":0,"pct":80.9},"functions":{"total":57,"covered":47,"skipped":0,"pct":82.45},"statements":{"total":292,"covered":236,"skipped":0,"pct":80.82},"branches":{"total":189,"covered":123,"skipped":0,"pct":65.07}}
,"/home/cisguru/Source/i45/i45/src/core/StorageManager.ts": {"lines":{"total":47,"covered":44,"skipped":0,"pct":93.61},"functions":{"total":6,"covered":6,"skipped":0,"pct":100},"statements":{"total":47,"covered":44,"skipped":0,"pct":93.61},"branches":{"total":18,"covered":13,"skipped":0,"pct":72.22}}
,"/home/cisguru/Source/i45/i45/src/errors/DataRetrievalError.ts": {"lines":{"total":4,"covered":4,"skipped":0,"pct":100},"functions":{"total":1,"covered":1,"skipped":0,"pct":100},"statements":{"total":5,"covered":5,"skipped":0,"pct":100},"branches":{"total":0,"covered":0,"skipped":0,"pct":100}}
,"/home/cisguru/Source/i45/i45/src/errors/DataServiceUnavailable.ts": {"lines":{"total":3,"covered":3,"skipped":0,"pct":100},"functions":{"total":1,"covered":1,"skipped":0,"pct":100},"statements":{"total":3,"covered":3,"skipped":0,"pct":100},"branches":{"total":1,"covered":1,"skipped":0,"pct":100}}
,"/home/cisguru/Source/i45/i45/src/errors/MigrationError.ts": {"lines":{"total":5,"covered":5,"skipped":0,"pct":100},"functions":{"total":1,"covered":1,"skipped":0,"pct":100},"statements":{"total":5,"covered":5,"skipped":0,"pct":100},"branches":{"total":2,"covered":1,"skipped":0,"pct":50}}
,"/home/cisguru/Source/i45/i45/src/errors/PersistenceServiceNotEnabled.ts": {"lines":{"total":3,"covered":3,"skipped":0,"pct":100},"functions":{"total":1,"covered":1,"skipped":0,"pct":100},"statements":{"total":3,"covered":3,"skipped":0,"pct":100},"branches":{"total":1,"covered":1,"skipped":0,"pct":100}}
,"/home/cisguru/Source/i45/i45/src/errors/StorageKeyError.ts": {"lines":{"total":4,"covered":4,"skipped":0,"pct":100},"functions":{"total":1,"covered":1,"skipped":0,"pct":100},"statements":{"total":4,"covered":4,"skipped":0,"pct":100},"branches":{"total":0,"covered":0,"skipped":0,"pct":100}}
,"/home/cisguru/Source/i45/i45/src/errors/StorageLocationError.ts": {"lines":{"total":4,"covered":4,"skipped":0,"pct":100},"functions":{"total":1,"covered":1,"skipped":0,"pct":100},"statements":{"total":5,"covered":5,"skipped":0,"pct":100},"branches":{"total":0,"covered":0,"skipped":0,"pct":100}}
,"/home/cisguru/Source/i45/i45/src/errors/StorageQuotaError.ts": {"lines":{"total":5,"covered":5,"skipped":0,"pct":100},"functions":{"total":1,"covered":1,"skipped":0,"pct":100},"statements":{"total":5,"covered":5,"skipped":0,"pct":100},"branches":{"total":1,"covered":1,"skipped":0,"pct":100}}
,"/home/cisguru/Source/i45/i45/src/errors/index.ts": {"lines":{"total":7,"covered":7,"skipped":0,"pct":100},"functions":{"total":7,"covered":6,"skipped":0,"pct":85.71},"statements":{"total":14,"covered":14,"skipped":0,"pct":100},"branches":{"total":0,"covered":0,"skipped":0,"pct":100}}
,"/home/cisguru/Source/i45/i45/src/migration/MigrationManager.ts": {"lines":{"total":49,"covered":49,"skipped":0,"pct":100},"functions":{"total":6,"covered":6,"skipped":0,"pct":100},"statements":{"total":50,"covered":50,"skipped":0,"pct":100},"branches":{"total":36,"covered":34,"skipped":0,"pct":94.44}}
,"/home/cisguru/Source/i45/i45/src/migration/index.ts": {"lines":{"total":1,"covered":1,"skipped":0,"pct":100},"functions":{"total":1,"covered":0,"skipped":0,"pct":0},"statements":{"total":2,"covered":2,"skipped":0,"pct":100},"branches":{"total":0,"covered":0,"skipped":0,"pct":100}}
,"/home/cisguru/Source/i45/i45/src/models/DataContextConfig.ts": {"lines":{"total":8,"covered":8,"skipped":0,"pct":100},"functions":{"total":2,"covered":2,"skipped":0,"pct":100},"statements":{"total":8,"covered":8,"skipped":0,"pct":100},"branches":{"total":16,"covered":16,"skipped":0,"pct":100}}
,"/home/cisguru/Source/i45/i45/src/models/StorageInfo.ts": {"lines":{"total":12,"covered":2,"skipped":0,"pct":16.66},"functions":{"total":2,"covered":0,"skipped":0,"pct":0},"statements":{"total":13,"covered":2,"skipped":0,"pct":15.38},"branches":{"total":4,"covered":0,"skipped":0,"pct":0}}
,"/home/cisguru/Source/i45/i45/src/models/StorageItem.ts": {"lines":{"total":2,"covered":2,"skipped":0,"pct":100},"functions":{"total":1,"covered":1,"skipped":0,"pct":100},"statements":{"total":2,"covered":2,"skipped":0,"pct":100},"branches":{"total":0,"covered":0,"skipped":0,"pct":100}}
,"/home/cisguru/Source/i45/i45/src/models/StorageLocations.ts": {"lines":{"total":4,"covered":4,"skipped":0,"pct":100},"functions":{"total":1,"covered":1,"skipped":0,"pct":100},"statements":{"total":4,"covered":4,"skipped":0,"pct":100},"branches":{"total":2,"covered":2,"skipped":0,"pct":100}}
,"/home/cisguru/Source/i45/i45/src/models/StorageMetadata.ts": {"lines":{"total":23,"covered":23,"skipped":0,"pct":100},"functions":{"total":7,"covered":7,"skipped":0,"pct":100},"statements":{"total":23,"covered":23,"skipped":0,"pct":100},"branches":{"total":10,"covered":10,"skipped":0,"pct":100}}
,"/home/cisguru/Source/i45/i45/src/models/VersionMetadata.ts": {"lines":{"total":14,"covered":14,"skipped":0,"pct":100},"functions":{"total":4,"covered":4,"skipped":0,"pct":100},"statements":{"total":14,"covered":14,"skipped":0,"pct":100},"branches":{"total":12,"covered":12,"skipped":0,"pct":100}}
,"/home/cisguru/Source/i45/i45/src/services/IndexedDBService.ts": {"lines":{"total":74,"covered":66,"skipped":0,"pct":89.18},"functions":{"total":25,"covered":19,"skipped":0,"pct":76},"statements":{"total":77,"covered":69,"skipped":0,"pct":89.61},"branches":{"total":23,"covered":21,"skipped":0,"pct":91.3}}
,"/home/cisguru/Source/i45/i45/src/services/LocalStorageService.ts": {"lines":{"total":30,"covered":28,"skipped":0,"pct":93.33},"functions":{"total":6,"covered":6,"skipped":0,"pct":100},"statements":{"total":30,"covered":28,"skipped":0,"pct":93.33},"branches":{"total":20,"covered":14,"skipped":0,"pct":70}}
,"/home/cisguru/Source/i45/i45/src/services/SessionStorageService.ts": {"lines":{"total":30,"covered":27,"skipped":0,"pct":90},"functions":{"total":6,"covered":6,"skipped":0,"pct":100},"statements":{"total":30,"covered":27,"skipped":0,"pct":90},"branches":{"total":20,"covered":13,"skipped":0,"pct":65}}
,"/home/cisguru/Source/i45/i45/src/services/base/BaseStorageService.ts": {"lines":{"total":20,"covered":15,"skipped":0,"pct":75},"functions":{"total":4,"covered":4,"skipped":0,"pct":100},"statements":{"total":20,"covered":15,"skipped":0,"pct":75},"branches":{"total":13,"covered":3,"skipped":0,"pct":23.07}}
,"/home/cisguru/Source/i45/i45/src/sync/ConflictResolver.ts": {"lines":{"total":13,"covered":12,"skipped":0,"pct":92.3},"functions":{"total":4,"covered":4,"skipped":0,"pct":100},"statements":{"total":13,"covered":12,"skipped":0,"pct":92.3},"branches":{"total":12,"covered":11,"skipped":0,"pct":91.66}}
,"/home/cisguru/Source/i45/i45/src/sync/CrossTabManager.ts": {"lines":{"total":61,"covered":44,"skipped":0,"pct":72.13},"functions":{"total":12,"covered":12,"skipped":0,"pct":100},"statements":{"total":61,"covered":44,"skipped":0,"pct":72.13},"branches":{"total":39,"covered":28,"skipped":0,"pct":71.79}}
,"/home/cisguru/Source/i45/i45/src/sync/CrossTabMessage.ts": {"lines":{"total":6,"covered":3,"skipped":0,"pct":50},"functions":{"total":3,"covered":0,"skipped":0,"pct":0},"statements":{"total":6,"covered":3,"skipped":0,"pct":50},"branches":{"total":0,"covered":0,"skipped":0,"pct":100}}
,"/home/cisguru/Source/i45/i45/src/sync/CrossTabSync.ts": {"lines":{"total":39,"covered":6,"skipped":0,"pct":15.38},"functions":{"total":9,"covered":2,"skipped":0,"pct":22.22},"statements":{"total":39,"covered":6,"skipped":0,"pct":15.38},"branches":{"total":18,"covered":1,"skipped":0,"pct":5.55}}
,"/home/cisguru/Source/i45/i45/src/sync/StorageEventSync.ts": {"lines":{"total":25,"covered":23,"skipped":0,"pct":92},"functions":{"total":4,"covered":4,"skipped":0,"pct":100},"statements":{"total":25,"covered":23,"skipped":0,"pct":92},"branches":{"total":16,"covered":11,"skipped":0,"pct":68.75}}
,"/home/cisguru/Source/i45/i45/src/sync/SyncManager.ts": {"lines":{"total":63,"covered":53,"skipped":0,"pct":84.12},"functions":{"total":12,"covered":11,"skipped":0,"pct":91.66},"statements":{"total":63,"covered":53,"skipped":0,"pct":84.12},"branches":{"total":34,"covered":25,"skipped":0,"pct":73.52}}
,"/home/cisguru/Source/i45/i45/src/sync/TabIdGenerator.ts": {"lines":{"total":14,"covered":6,"skipped":0,"pct":42.85},"functions":{"total":3,"covered":1,"skipped":0,"pct":33.33},"statements":{"total":14,"covered":6,"skipped":0,"pct":42.85},"branches":{"total":6,"covered":1,"skipped":0,"pct":16.66}}
,"/home/cisguru/Source/i45/i45/src/sync/index.ts": {"lines":{"total":14,"covered":14,"skipped":0,"pct":100},"functions":{"total":14,"covered":0,"skipped":0,"pct":0},"statements":{"total":24,"covered":24,"skipped":0,"pct":100},"branches":{"total":0,"covered":0,"skipped":0,"pct":100}}
,"/home/cisguru/Source/i45/i45/src/sync/strategies/BatchStrategy.ts": {"lines":{"total":54,"covered":39,"skipped":0,"pct":72.22},"functions":{"total":7,"covered":6,"skipped":0,"pct":85.71},"statements":{"total":56,"covered":41,"skipped":0,"pct":73.21},"branches":{"total":26,"covered":15,"skipped":0,"pct":57.69}}
,"/home/cisguru/Source/i45/i45/src/sync/strategies/ImmediateStrategy.ts": {"lines":{"total":39,"covered":34,"skipped":0,"pct":87.17},"functions":{"total":6,"covered":6,"skipped":0,"pct":100},"statements":{"total":40,"covered":35,"skipped":0,"pct":87.5},"branches":{"total":15,"covered":9,"skipped":0,"pct":60}}
,"/home/cisguru/Source/i45/i45/src/sync/strategies/QueuedStrategy.ts": {"lines":{"total":48,"covered":35,"skipped":0,"pct":72.91},"functions":{"total":8,"covered":6,"skipped":0,"pct":75},"statements":{"total":51,"covered":37,"skipped":0,"pct":72.54},"branches":{"total":31,"covered":11,"skipped":0,"pct":35.48}}
,"/home/cisguru/Source/i45/i45/src/utils/ErrorHandler.ts": {"lines":{"total":16,"covered":13,"skipped":0,"pct":81.25},"functions":{"total":6,"covered":5,"skipped":0,"pct":83.33},"statements":{"total":16,"covered":13,"skipped":0,"pct":81.25},"branches":{"total":21,"covered":12,"skipped":0,"pct":57.14}}
,"/home/cisguru/Source/i45/i45/src/utils/ValidationUtils.ts": {"lines":{"total":18,"covered":16,"skipped":0,"pct":88.88},"functions":{"total":5,"covered":4,"skipped":0,"pct":80},"statements":{"total":18,"covered":16,"skipped":0,"pct":88.88},"branches":{"total":17,"covered":16,"skipped":0,"pct":94.11}}
}
