TN:
SF:src/core/DataContext.ts
FN:30,(anonymous_11)
FN:30,(anonymous_12)
FN:96,(anonymous_13)
FN:144,(anonymous_14)
FN:151,(anonymous_15)
FN:165,(anonymous_16)
FN:172,(anonymous_17)
FN:188,(anonymous_18)
FN:195,(anonymous_19)
FN:212,(anonymous_20)
FN:219,(anonymous_21)
FN:233,(anonymous_22)
FN:258,(anonymous_23)
FN:272,(anonymous_24)
FN:294,(anonymous_25)
FN:344,(anonymous_26)
FN:354,(anonymous_27)
FN:372,(anonymous_28)
FN:383,(anonymous_29)
FN:428,(anonymous_30)
FN:475,(anonymous_31)
FN:514,(anonymous_32)
FN:557,(anonymous_33)
FN:578,(anonymous_34)
FN:605,(anonymous_35)
FN:632,(anonymous_36)
FN:657,(anonymous_37)
FN:688,(anonymous_38)
FN:719,(anonymous_39)
FN:741,(anonymous_40)
FN:768,(anonymous_41)
FN:804,(anonymous_42)
FN:844,(anonymous_43)
FN:1092,(anonymous_44)
FN:1106,(anonymous_45)
FN:1119,(anonymous_46)
FN:1135,(anonymous_47)
FN:1146,(anonymous_48)
FN:1173,(anonymous_49)
FN:1182,(anonymous_50)
FN:1201,(anonymous_51)
FN:1223,(anonymous_52)
FN:1243,(anonymous_53)
FN:1257,(anonymous_54)
FN:1275,(anonymous_55)
FN:1323,(anonymous_56)
FN:1350,(anonymous_57)
FN:862,_DataContext_getIndexedDBQuota
FN:892,_DataContext_getWebStorageQuota
FN:933,_DataContext_wrapWithMetadata
FN:951,_DataContext_unwrapMetadata
FN:989,_DataContext_logDataEntry
FN:1035,(anonymous_63)
FN:1048,_DataContext_initializeCrossTabSync
FN:1081,_DataContext_initializeMigrationManager
FN:1373,(anonymous_66)
FN:1373,(anonymous_67)
FNF:57
FNH:47
FNDA:0,(anonymous_11)
FNDA:0,(anonymous_12)
FNDA:214,(anonymous_13)
FNDA:231,(anonymous_14)
FNDA:41,(anonymous_15)
FNDA:18,(anonymous_16)
FNDA:12,(anonymous_17)
FNDA:2,(anonymous_18)
FNDA:7,(anonymous_19)
FNDA:2,(anonymous_20)
FNDA:3,(anonymous_21)
FNDA:5,(anonymous_22)
FNDA:3,(anonymous_23)
FNDA:4,(anonymous_24)
FNDA:5,(anonymous_25)
FNDA:112,(anonymous_26)
FNDA:75,(anonymous_27)
FNDA:0,(anonymous_28)
FNDA:0,(anonymous_29)
FNDA:11,(anonymous_30)
FNDA:12,(anonymous_31)
FNDA:165,(anonymous_32)
FNDA:6,(anonymous_33)
FNDA:7,(anonymous_34)
FNDA:7,(anonymous_35)
FNDA:3,(anonymous_36)
FNDA:3,(anonymous_37)
FNDA:4,(anonymous_38)
FNDA:17,(anonymous_39)
FNDA:1,(anonymous_40)
FNDA:1,(anonymous_41)
FNDA:11,(anonymous_42)
FNDA:23,(anonymous_43)
FNDA:1,(anonymous_44)
FNDA:3,(anonymous_45)
FNDA:2,(anonymous_46)
FNDA:1,(anonymous_47)
FNDA:89,(anonymous_48)
FNDA:30,(anonymous_49)
FNDA:29,(anonymous_50)
FNDA:40,(anonymous_51)
FNDA:16,(anonymous_52)
FNDA:9,(anonymous_53)
FNDA:55,(anonymous_54)
FNDA:0,(anonymous_55)
FNDA:0,(anonymous_56)
FNDA:0,(anonymous_57)
FNDA:2,_DataContext_getIndexedDBQuota
FNDA:21,_DataContext_getWebStorageQuota
FNDA:129,_DataContext_wrapWithMetadata
FNDA:178,_DataContext_unwrapMetadata
FNDA:144,_DataContext_logDataEntry
FNDA:10,(anonymous_63)
FNDA:12,_DataContext_initializeCrossTabSync
FNDA:0,_DataContext_initializeMigrationManager
FNDA:0,(anonymous_66)
FNDA:0,(anonymous_67)
DA:7,7
DA:8,7
DA:12,7
DA:13,7
DA:14,7
DA:16,7
DA:18,7
DA:25,7
DA:30,7
DA:59,7
DA:61,214
DA:62,214
DA:63,214
DA:64,214
DA:65,214
DA:66,214
DA:67,214
DA:68,214
DA:69,214
DA:70,214
DA:72,214
DA:103,214
DA:105,27
DA:111,187
DA:114,214
DA:115,214
DA:116,214
DA:117,214
DA:119,214
DA:124,214
DA:127,214
DA:128,12
DA:132,214
DA:133,0
DA:145,231
DA:152,41
DA:153,1
DA:159,40
DA:166,18
DA:173,12
DA:174,2
DA:178,10
DA:189,2
DA:196,7
DA:198,4
DA:199,0
DA:206,4
DA:213,2
DA:220,3
DA:221,2
DA:237,5
DA:242,5
DA:243,5
DA:244,5
DA:248,5
DA:250,5
DA:259,3
DA:260,3
DA:261,3
DA:262,3
DA:264,3
DA:273,4
DA:274,1
DA:275,1
DA:278,3
DA:279,3
DA:280,3
DA:281,3
DA:282,3
DA:283,3
DA:285,3
DA:295,5
DA:296,1
DA:297,1
DA:300,5
DA:301,2
DA:302,2
DA:304,2
DA:305,2
DA:306,2
DA:309,2
DA:311,0
DA:320,3
DA:321,3
DA:322,3
DA:325,3
DA:328,5
DA:345,112
DA:347,110
DA:348,2
DA:352,110
DA:353,110
DA:354,75
DA:362,110
DA:371,110
DA:372,0
DA:375,0
DA:378,0
DA:383,0
DA:387,0
DA:391,0
DA:397,110
DA:403,110
DA:411,110
DA:412,7
DA:415,110
DA:429,11
DA:431,10
DA:432,0
DA:441,10
DA:444,10
DA:448,10
DA:454,10
DA:461,10
DA:480,12
DA:481,12
DA:482,11
DA:485,11
DA:489,11
DA:491,11
DA:498,11
DA:515,165
DA:521,165
DA:528,0
DA:529,0
DA:533,0
DA:536,0
DA:542,0
DA:545,165
DA:558,6
DA:560,6
DA:565,6
DA:582,7
DA:583,7
DA:585,7
DA:590,7
DA:606,7
DA:608,7
DA:616,7
DA:617,1
DA:620,7
DA:633,3
DA:635,3
DA:637,3
DA:644,3
DA:661,3
DA:662,3
DA:664,3
DA:666,3
DA:673,3
DA:689,4
DA:692,4
DA:693,1
DA:696,4
DA:720,17
DA:725,17
DA:726,15
DA:729,2
DA:744,1
DA:746,1
DA:751,1
DA:752,1
DA:755,0
DA:772,1
DA:773,1
DA:775,1
DA:780,1
DA:781,1
DA:784,0
DA:805,11
DA:806,1
DA:809,10
DA:810,10
DA:811,10
DA:812,10
DA:813,10
DA:815,10
DA:845,23
DA:847,23
DA:848,2
DA:850,21
DA:863,2
DA:864,1
DA:867,1
DA:868,1
DA:869,1
DA:870,1
DA:871,1
DA:873,1
DA:894,21
DA:897,21
DA:901,21
DA:906,21
DA:907,21
DA:908,18
DA:909,18
DA:910,18
DA:912,18
DA:916,21
DA:917,21
DA:919,21
DA:939,129
DA:944,129
DA:946,25
DA:949,104
DA:959,178
DA:960,87
DA:964,91
DA:972,90
DA:975,90
DA:976,0
DA:979,90
DA:983,1
DA:984,0
DA:988,1
DA:1005,144
DA:1006,144
DA:1008,144
DA:1010,131
DA:1017,131
DA:1018,131
DA:1019,2
DA:1023,131
DA:1026,0
DA:1027,0
DA:1031,0
DA:1034,13
DA:1035,10
DA:1037,13
DA:1038,1
DA:1042,13
DA:1045,0
DA:1046,0
DA:1060,12
DA:1061,12
DA:1069,12
DA:1070,0
DA:1075,0
DA:1093,1
DA:1107,3
DA:1120,2
DA:1136,1
DA:1147,89
DA:1148,89
DA:1174,30
DA:1175,1
DA:1182,58
DA:1184,29
DA:1185,29
DA:1187,29
DA:1188,0
DA:1202,40
DA:1203,27
DA:1204,27
DA:1206,27
DA:1207,0
DA:1224,16
DA:1225,1
DA:1228,15
DA:1244,9
DA:1258,55
DA:1276,0
DA:1277,0
DA:1283,0
DA:1288,0
DA:1289,0
DA:1290,0
DA:1292,0
DA:1295,0
DA:1297,0
DA:1303,0
DA:1304,0
DA:1324,0
DA:1325,0
DA:1328,0
DA:1333,0
DA:1334,0
DA:1337,0
DA:1351,0
DA:1352,0
DA:1355,0
DA:1360,0
DA:1361,0
DA:1364,0
DA:1373,0
DA:1374,0
DA:1376,0
DA:1377,0
LF:288
LH:233
BRDA:103,0,0,27
BRDA:103,0,1,187
BRDA:127,1,0,12
BRDA:127,1,1,202
BRDA:132,2,0,0
BRDA:132,2,1,214
BRDA:132,3,0,214
BRDA:132,3,1,214
BRDA:152,4,0,1
BRDA:152,4,1,40
BRDA:173,5,0,2
BRDA:173,5,1,10
BRDA:173,6,0,12
BRDA:173,6,1,10
BRDA:198,7,0,0
BRDA:198,7,1,4
BRDA:273,8,0,1
BRDA:273,8,1,3
BRDA:281,9,0,3
BRDA:281,9,1,0
BRDA:295,10,0,1
BRDA:295,10,1,4
BRDA:300,11,0,2
BRDA:300,11,1,3
BRDA:300,12,0,5
BRDA:300,12,1,4
BRDA:347,13,0,2
BRDA:347,13,1,108
BRDA:353,14,0,35
BRDA:353,14,1,75
BRDA:357,15,0,75
BRDA:357,15,1,51
BRDA:362,16,0,108
BRDA:362,16,1,2
BRDA:371,17,0,0
BRDA:371,17,1,110
BRDA:387,18,0,0
BRDA:387,18,1,0
BRDA:387,19,0,0
BRDA:387,19,1,0
BRDA:411,20,0,7
BRDA:411,20,1,103
BRDA:431,21,0,0
BRDA:431,21,1,10
BRDA:444,22,0,10
BRDA:444,22,1,0
BRDA:485,23,0,11
BRDA:485,23,1,0
BRDA:521,24,0,0
BRDA:521,24,1,165
BRDA:522,25,0,165
BRDA:522,25,1,0
BRDA:522,25,2,0
BRDA:522,25,3,0
BRDA:522,25,4,0
BRDA:528,26,0,0
BRDA:528,26,1,0
BRDA:616,27,0,1
BRDA:616,27,1,6
BRDA:692,28,0,1
BRDA:692,28,1,3
BRDA:725,29,0,15
BRDA:725,29,1,2
BRDA:725,30,0,17
BRDA:725,30,1,16
BRDA:751,31,0,1
BRDA:751,31,1,0
BRDA:751,32,0,1
BRDA:751,32,1,1
BRDA:780,33,0,1
BRDA:780,33,1,0
BRDA:780,34,0,1
BRDA:780,34,1,1
BRDA:805,35,0,1
BRDA:805,35,1,10
BRDA:805,36,0,11
BRDA:805,36,1,10
BRDA:810,37,0,10
BRDA:810,37,1,2
BRDA:811,38,0,10
BRDA:811,38,1,3
BRDA:813,39,0,8
BRDA:813,39,1,2
BRDA:845,40,0,23
BRDA:845,40,1,6
BRDA:847,41,0,2
BRDA:847,41,1,21
BRDA:1107,42,0,3
BRDA:1107,42,1,2
BRDA:1120,43,0,2
BRDA:1120,43,1,1
BRDA:1174,44,0,1
BRDA:1174,44,1,29
BRDA:1187,45,0,0
BRDA:1187,45,1,29
BRDA:1202,46,0,27
BRDA:1202,46,1,13
BRDA:1206,47,0,0
BRDA:1206,47,1,27
BRDA:1224,48,0,1
BRDA:1224,48,1,15
BRDA:1244,49,0,9
BRDA:1244,49,1,1
BRDA:1258,50,0,55
BRDA:1258,50,1,32
BRDA:1276,51,0,0
BRDA:1276,51,1,0
BRDA:1288,52,0,0
BRDA:1288,52,1,0
BRDA:1288,53,0,0
BRDA:1288,53,1,0
BRDA:1288,53,2,0
BRDA:1289,54,0,0
BRDA:1289,54,1,0
BRDA:1303,55,0,0
BRDA:1303,55,1,0
BRDA:1324,56,0,0
BRDA:1324,56,1,0
BRDA:1333,57,0,0
BRDA:1333,57,1,0
BRDA:1333,58,0,0
BRDA:1333,58,1,0
BRDA:1333,58,2,0
BRDA:1351,59,0,0
BRDA:1351,59,1,0
BRDA:1360,60,0,0
BRDA:1360,60,1,0
BRDA:1360,61,0,0
BRDA:1360,61,1,0
BRDA:1360,61,2,0
BRDA:863,62,0,1
BRDA:863,62,1,1
BRDA:863,63,0,2
BRDA:863,63,1,1
BRDA:868,64,0,1
BRDA:868,64,1,0
BRDA:869,65,0,1
BRDA:869,65,1,0
BRDA:871,66,0,1
BRDA:871,66,1,0
BRDA:897,67,0,17
BRDA:897,67,1,4
BRDA:901,68,0,17
BRDA:901,68,1,4
BRDA:909,69,0,18
BRDA:909,69,1,0
BRDA:910,70,0,18
BRDA:910,70,1,1
BRDA:944,71,0,25
BRDA:944,71,1,104
BRDA:944,72,0,129
BRDA:944,72,1,25
BRDA:959,73,0,87
BRDA:959,73,1,91
BRDA:964,74,0,90
BRDA:964,74,1,1
BRDA:965,75,0,91
BRDA:965,75,1,91
BRDA:965,75,2,91
BRDA:965,75,3,90
BRDA:965,75,4,90
BRDA:975,76,0,0
BRDA:975,76,1,90
BRDA:975,77,0,90
BRDA:975,77,1,90
BRDA:983,78,0,0
BRDA:983,78,1,1
BRDA:988,79,0,1
BRDA:988,79,1,0
BRDA:1008,80,0,131
BRDA:1008,80,1,0
BRDA:1008,80,2,13
BRDA:1008,80,3,0
BRDA:1018,81,0,2
BRDA:1018,81,1,129
BRDA:1026,82,0,0
BRDA:1026,82,1,0
BRDA:1037,83,0,1
BRDA:1037,83,1,12
BRDA:1069,84,0,0
BRDA:1069,84,1,12
BRDA:1069,85,0,12
BRDA:1069,85,1,0
BRDA:1077,86,0,0
BRDA:1077,86,1,0
BRDA:1376,87,0,0
BRDA:1376,87,1,0
BRDA:1378,88,0,0
BRDA:1378,88,1,0
BRF:189
BRH:123
end_of_record
TN:
SF:src/core/StorageManager.ts
FN:24,(anonymous_0)
FN:34,(anonymous_1)
FN:54,(anonymous_2)
FN:85,(anonymous_3)
FN:125,(anonymous_4)
FN:142,(anonymous_5)
FNF:6
FNH:6
FNDA:214,(anonymous_0)
FNDA:474,(anonymous_1)
FNDA:131,(anonymous_2)
FNDA:326,(anonymous_3)
FNDA:13,(anonymous_4)
FNDA:4,(anonymous_5)
DA:8,7
DA:9,7
DA:10,7
DA:11,7
DA:12,7
DA:18,7
DA:25,214
DA:26,214
DA:27,214
DA:28,214
DA:35,474
DA:37,452
DA:39,22
DA:41,0
DA:43,0
DA:44,0
DA:59,131
DA:60,131
DA:63,131
DA:64,2
DA:67,131
DA:68,131
DA:69,131
DA:71,131
DA:72,131
DA:89,326
DA:90,326
DA:92,326
DA:93,326
DA:95,326
DA:96,190
DA:99,136
DA:100,136
DA:101,134
DA:102,134
DA:107,134
DA:109,2
DA:116,2
DA:126,13
DA:127,13
DA:129,13
DA:130,13
DA:132,13
DA:143,4
DA:145,4
DA:146,4
DA:148,4
LF:47
LH:44
BRDA:35,0,0,452
BRDA:35,0,1,22
BRDA:35,0,2,0
BRDA:35,0,3,0
BRDA:63,1,0,2
BRDA:63,1,1,129
BRDA:71,2,0,2
BRDA:71,2,1,129
BRDA:71,3,0,129
BRDA:71,3,1,0
BRDA:95,4,0,190
BRDA:95,4,1,136
BRDA:101,5,0,2
BRDA:101,5,1,132
BRDA:101,6,0,132
BRDA:101,6,1,0
BRDA:112,7,0,2
BRDA:112,7,1,0
BRF:18
BRH:13
end_of_record
TN:
SF:src/errors/DataRetrievalError.ts
FN:7,(anonymous_0)
FNF:1
FNH:1
FNDA:11,(anonymous_0)
DA:6,2
DA:7,11
DA:8,11
DA:9,11
LF:4
LH:4
BRF:0
BRH:0
end_of_record
TN:
SF:src/errors/DataServiceUnavailable.ts
FN:7,(anonymous_0)
FNF:1
FNH:1
FNDA:8,(anonymous_0)
DA:6,2
DA:8,8
DA:9,8
LF:3
LH:3
BRDA:7,0,0,5
BRF:1
BRH:1
end_of_record
TN:
SF:src/errors/MigrationError.ts
FN:9,(anonymous_0)
FNF:1
FNH:1
FNDA:12,(anonymous_0)
DA:4,3
DA:10,12
DA:11,12
DA:14,12
DA:15,12
LF:5
LH:5
BRDA:14,0,0,12
BRDA:14,0,1,0
BRF:2
BRH:1
end_of_record
TN:
SF:src/errors/PersistenceServiceNotEnabled.ts
FN:7,(anonymous_0)
FNF:1
FNH:1
FNDA:9,(anonymous_0)
DA:6,11
DA:8,9
DA:9,9
LF:3
LH:3
BRDA:7,0,0,5
BRF:1
BRH:1
end_of_record
TN:
SF:src/errors/StorageKeyError.ts
FN:7,(anonymous_0)
FNF:1
FNH:1
FNDA:13,(anonymous_0)
DA:6,8
DA:7,13
DA:8,13
DA:9,13
LF:4
LH:4
BRF:0
BRH:0
end_of_record
TN:
SF:src/errors/StorageLocationError.ts
FN:7,(anonymous_0)
FNF:1
FNH:1
FNDA:12,(anonymous_0)
DA:6,8
DA:7,12
DA:8,12
DA:13,12
LF:4
LH:4
BRF:0
BRH:0
end_of_record
TN:
SF:src/errors/StorageQuotaError.ts
FN:7,(anonymous_0)
FNF:1
FNH:1
FNDA:10,(anonymous_0)
DA:6,2
DA:8,10
DA:9,10
DA:12,10
DA:13,10
LF:5
LH:5
BRDA:10,0,0,9
BRF:1
BRH:1
end_of_record
TN:
SF:src/errors/index.ts
FN:6,(anonymous_0)
FN:7,(anonymous_1)
FN:8,(anonymous_2)
FN:9,(anonymous_3)
FN:10,(anonymous_4)
FN:11,(anonymous_5)
FN:12,(anonymous_6)
FNF:7
FNH:6
FNDA:15,(anonymous_0)
FNDA:12,(anonymous_1)
FNDA:14,(anonymous_2)
FNDA:15,(anonymous_3)
FNDA:16,(anonymous_4)
FNDA:13,(anonymous_5)
FNDA:0,(anonymous_6)
DA:6,17
DA:7,14
DA:8,16
DA:9,17
DA:10,18
DA:11,15
DA:12,2
LF:7
LH:7
BRF:0
BRH:0
end_of_record
TN:
SF:src/migration/MigrationManager.ts
FN:34,(anonymous_0)
FN:48,(anonymous_1)
FN:146,(anonymous_2)
FN:159,(anonymous_3)
FN:168,(anonymous_4)
FN:176,(anonymous_5)
FNF:6
FNH:6
FNDA:29,(anonymous_0)
FNDA:21,(anonymous_1)
FNDA:6,(anonymous_2)
FNDA:2,(anonymous_3)
FNDA:4,(anonymous_4)
FNDA:29,(anonymous_5)
DA:14,2
DA:19,2
DA:25,2
DA:35,29
DA:36,29
DA:37,29
DA:39,29
DA:50,21
DA:51,1
DA:55,20
DA:57,12
DA:60,20
DA:61,20
DA:64,20
DA:65,1
DA:69,19
DA:70,2
DA:76,17
DA:78,17
DA:79,17
DA:81,17
DA:83,17
DA:84,20
DA:86,20
DA:87,2
DA:93,18
DA:96,15
DA:97,2
DA:103,10
DA:106,10
DA:115,10
DA:118,10
DA:126,7
DA:129,7
DA:130,4
DA:133,3
DA:147,6
DA:148,3
DA:151,3
DA:152,3
DA:160,2
DA:169,4
DA:177,29
DA:178,2
DA:184,27
DA:185,2
DA:189,25
DA:190,22
DA:191,1
LF:49
LH:49
BRDA:35,0,0,28
BRDA:35,0,1,1
BRDA:36,1,0,29
BRDA:36,1,1,12
BRDA:50,2,0,1
BRDA:50,2,1,20
BRDA:50,3,0,21
BRDA:50,3,1,21
BRDA:50,3,2,13
BRDA:55,4,0,12
BRDA:55,4,1,8
BRDA:64,5,0,1
BRDA:64,5,1,19
BRDA:69,6,0,2
BRDA:69,6,1,17
BRDA:86,7,0,2
BRDA:86,7,1,18
BRDA:96,8,0,2
BRDA:96,8,1,13
BRDA:122,9,0,10
BRDA:122,9,1,0
BRDA:129,10,0,4
BRDA:129,10,1,3
BRDA:135,11,0,3
BRDA:135,11,1,0
BRDA:147,12,0,3
BRDA:147,12,1,3
BRDA:147,13,0,6
BRDA:147,13,1,4
BRDA:147,13,2,2
BRDA:177,14,0,2
BRDA:177,14,1,27
BRDA:184,15,0,2
BRDA:184,15,1,25
BRDA:190,16,0,1
BRDA:190,16,1,21
BRF:36
BRH:34
end_of_record
TN:
SF:src/migration/index.ts
FN:5,(anonymous_0)
FNF:1
FNH:0
FNDA:0,(anonymous_0)
DA:5,1
LF:1
LH:1
BRF:0
BRH:0
end_of_record
TN:
SF:src/models/DataContextConfig.ts
FN:74,createDefaultConfig
FN:101,mergeConfig
FNF:2
FNH:2
FNDA:214,createDefaultConfig
FNDA:214,mergeConfig
DA:7,7
DA:74,7
DA:87,214
DA:101,7
DA:127,214
DA:129,214
DA:130,54
DA:133,160
LF:8
LH:8
BRDA:129,0,0,54
BRDA:129,0,1,160
BRDA:134,1,0,160
BRDA:134,1,1,43
BRDA:135,2,0,160
BRDA:135,2,1,71
BRDA:136,3,0,160
BRDA:136,3,1,160
BRDA:137,4,0,160
BRDA:137,4,1,91
BRDA:138,5,0,160
BRDA:138,5,1,111
BRDA:140,6,0,160
BRDA:140,6,1,143
BRDA:141,7,0,160
BRDA:141,7,1,160
BRF:16
BRH:16
end_of_record
TN:
SF:src/models/StorageInfo.ts
FN:41,formatBytes
FN:54,formatStorageInfo
FNF:2
FNH:0
FNDA:0,formatBytes
FNDA:0,formatStorageInfo
DA:41,1
DA:42,0
DA:44,0
DA:45,0
DA:46,0
DA:48,0
DA:54,1
DA:55,0
DA:56,0
DA:57,0
DA:58,0
DA:60,0
LF:12
LH:2
BRDA:42,0,0,0
BRDA:42,0,1,0
BRDA:65,1,0,0
BRDA:65,1,1,0
BRF:4
BRH:0
end_of_record
TN:
SF:src/models/StorageItem.ts
FN:12,createStorageItem
FNF:1
FNH:1
FNDA:180,createStorageItem
DA:12,11
DA:13,180
LF:2
LH:2
BRF:0
BRH:0
end_of_record
TN:
SF:src/models/StorageLocations.ts
FN:4,(anonymous_0)
FNF:1
FNH:1
FNDA:9,(anonymous_0)
DA:4,9
DA:5,9
DA:6,9
DA:7,9
LF:4
LH:4
BRDA:4,0,0,9
BRDA:4,0,1,9
BRF:2
BRH:2
end_of_record
TN:
SF:src/models/StorageMetadata.ts
FN:32,createMetadata
FN:58,updateMetadata
FN:82,hasMetadata
FN:104,getMetadataInfo
FN:124,isModifiedSince
FN:146,isStale
FN:167,getAge
FNF:7
FNH:7
FNDA:123,createMetadata
FNDA:29,updateMetadata
FNDA:143,hasMetadata
FNDA:19,getMetadataInfo
FNDA:5,isModifiedSince
FNDA:5,isStale
FNDA:3,getAge
DA:32,7
DA:36,123
DA:37,123
DA:58,7
DA:62,29
DA:82,7
DA:83,143
DA:104,7
DA:107,19
DA:108,19
DA:124,7
DA:128,5
DA:129,5
DA:130,5
DA:146,7
DA:150,5
DA:151,5
DA:152,5
DA:153,5
DA:167,7
DA:170,3
DA:171,3
DA:172,3
LF:23
LH:23
BRDA:34,0,0,121
BRDA:67,1,0,29
BRDA:67,1,1,1
BRDA:84,2,0,143
BRDA:84,2,1,142
BRDA:84,2,2,139
BRDA:84,2,3,45
BRDA:84,2,4,45
BRDA:84,2,5,44
BRDA:84,2,6,44
BRF:10
BRH:10
end_of_record
TN:
SF:src/models/VersionMetadata.ts
FN:44,createVersionedData
FN:60,isVersionedData
FN:77,extractItems
FN:94,getDataVersion
FNF:4
FNH:4
FNDA:32,createVersionedData
FNDA:57,isVersionedData
FNDA:8,extractItems
FNDA:15,getDataVersion
DA:44,3
DA:48,32
DA:60,3
DA:61,57
DA:77,3
DA:78,8
DA:79,2
DA:82,6
DA:83,1
DA:86,5
DA:94,3
DA:95,15
DA:96,6
DA:98,9
LF:14
LH:14
BRDA:62,0,0,57
BRDA:62,0,1,50
BRDA:62,0,2,45
BRDA:62,0,3,22
BRDA:62,0,4,21
BRDA:62,0,5,20
BRDA:78,1,0,2
BRDA:78,1,1,6
BRDA:82,2,0,1
BRDA:82,2,1,5
BRDA:95,3,0,6
BRDA:95,3,1,9
BRF:12
BRH:12
end_of_record
TN:
SF:src/services/IndexedDBService.ts
FN:13,(anonymous_0)
FN:23,(anonymous_1)
FN:32,(anonymous_2)
FN:51,(anonymous_3)
FN:56,(anonymous_4)
FN:59,(anonymous_5)
FN:63,(anonymous_6)
FN:68,(anonymous_7)
FN:82,(anonymous_8)
FN:89,(anonymous_9)
FN:92,(anonymous_10)
FN:93,(anonymous_11)
FN:101,(anonymous_12)
FN:112,(anonymous_13)
FN:115,(anonymous_14)
FN:124,(anonymous_15)
FN:134,(anonymous_16)
FN:145,(anonymous_17)
FN:148,(anonymous_18)
FN:149,(anonymous_19)
FN:157,(anonymous_20)
FN:164,(anonymous_21)
FN:167,(anonymous_22)
FN:168,(anonymous_23)
FN:177,(anonymous_24)
FNF:25
FNH:19
FNDA:247,(anonymous_0)
FNDA:0,(anonymous_1)
FNDA:247,(anonymous_2)
FNDA:125,(anonymous_3)
FNDA:45,(anonymous_4)
FNDA:0,(anonymous_5)
FNDA:45,(anonymous_6)
FNDA:1,(anonymous_7)
FNDA:46,(anonymous_8)
FNDA:46,(anonymous_9)
FNDA:46,(anonymous_10)
FNDA:0,(anonymous_11)
FNDA:37,(anonymous_12)
FNDA:36,(anonymous_13)
FNDA:36,(anonymous_14)
FNDA:0,(anonymous_15)
FNDA:7,(anonymous_16)
FNDA:6,(anonymous_17)
FNDA:6,(anonymous_18)
FNDA:0,(anonymous_19)
FNDA:37,(anonymous_20)
FNDA:37,(anonymous_21)
FNDA:37,(anonymous_22)
FNDA:0,(anonymous_23)
FNDA:39,(anonymous_24)
DA:7,8
DA:8,8
DA:13,8
DA:14,247
DA:15,247
DA:16,247
DA:17,247
DA:18,247
DA:26,0
DA:33,247
DA:34,0
DA:37,247
DA:38,247
DA:44,0
DA:52,125
DA:53,80
DA:56,45
DA:57,45
DA:59,45
DA:60,0
DA:63,45
DA:64,45
DA:65,45
DA:68,45
DA:69,1
DA:72,1
DA:73,1
DA:83,46
DA:85,46
DA:86,46
DA:87,46
DA:89,46
DA:90,46
DA:92,46
DA:93,46
DA:94,0
DA:102,37
DA:104,37
DA:105,1
DA:108,36
DA:109,36
DA:110,36
DA:112,36
DA:113,36
DA:115,36
DA:116,36
DA:117,36
DA:118,27
DA:120,9
DA:124,36
DA:125,0
DA:135,7
DA:137,7
DA:138,1
DA:141,6
DA:142,6
DA:143,6
DA:145,6
DA:146,6
DA:148,6
DA:149,6
DA:150,0
DA:158,37
DA:160,37
DA:161,37
DA:162,37
DA:164,37
DA:165,37
DA:167,37
DA:168,37
DA:169,0
DA:178,39
DA:179,36
DA:180,36
LF:74
LH:66
BRDA:33,0,0,0
BRDA:33,0,1,247
BRDA:39,1,0,247
BRDA:39,1,1,33
BRDA:39,1,2,33
BRDA:52,2,0,80
BRDA:52,2,1,45
BRDA:72,3,0,1
BRDA:72,3,1,0
BRDA:104,4,0,1
BRDA:104,4,1,36
BRDA:104,5,0,37
BRDA:104,5,1,36
BRDA:117,6,0,27
BRDA:117,6,1,9
BRDA:117,7,0,36
BRDA:117,7,1,27
BRDA:137,8,0,1
BRDA:137,8,1,6
BRDA:137,9,0,7
BRDA:137,9,1,6
BRDA:178,10,0,36
BRDA:178,10,1,3
BRF:23
BRH:21
end_of_record
TN:
SF:src/services/LocalStorageService.ts
FN:12,(anonymous_0)
FN:18,(anonymous_1)
FN:28,(anonymous_2)
FN:39,(anonymous_3)
FN:62,(anonymous_4)
FN:76,(anonymous_5)
FNF:6
FNH:6
FNDA:226,(anonymous_0)
FNDA:695,(anonymous_1)
FNDA:133,(anonymous_2)
FNDA:318,(anonymous_3)
FNDA:15,(anonymous_4)
FNDA:4,(anonymous_5)
DA:6,8
DA:7,8
DA:12,8
DA:13,226
DA:19,695
DA:20,0
DA:22,695
DA:29,133
DA:30,133
DA:31,133
DA:32,133
DA:40,318
DA:42,318
DA:43,1
DA:46,317
DA:47,317
DA:48,0
DA:51,317
DA:52,317
DA:53,184
DA:56,133
DA:63,15
DA:65,15
DA:66,15
DA:67,15
DA:68,15
DA:77,4
DA:78,4
DA:79,4
DA:80,4
LF:30
LH:28
BRDA:19,0,0,0
BRDA:19,0,1,695
BRDA:31,1,0,133
BRDA:31,1,1,0
BRDA:42,2,0,1
BRDA:42,2,1,317
BRDA:42,3,0,318
BRDA:42,3,1,317
BRDA:47,4,0,0
BRDA:47,4,1,317
BRDA:52,5,0,184
BRDA:52,5,1,133
BRDA:65,6,0,15
BRDA:65,6,1,0
BRDA:65,7,0,15
BRDA:65,7,1,15
BRDA:67,8,0,15
BRDA:67,8,1,0
BRDA:79,9,0,4
BRDA:79,9,1,0
BRF:20
BRH:14
end_of_record
TN:
SF:src/services/SessionStorageService.ts
FN:12,(anonymous_0)
FN:18,(anonymous_1)
FN:28,(anonymous_2)
FN:39,(anonymous_3)
FN:62,(anonymous_4)
FN:76,(anonymous_5)
FNF:6
FNH:6
FNDA:225,(anonymous_0)
FNDA:260,(anonymous_1)
FNDA:12,(anonymous_2)
FNDA:17,(anonymous_3)
FNDA:3,(anonymous_4)
FNDA:3,(anonymous_5)
DA:6,8
DA:7,8
DA:12,8
DA:13,225
DA:19,260
DA:20,0
DA:22,260
DA:29,12
DA:30,12
DA:31,12
DA:32,12
DA:40,17
DA:42,17
DA:43,0
DA:46,17
DA:47,17
DA:48,0
DA:51,17
DA:52,17
DA:53,10
DA:56,7
DA:63,3
DA:65,3
DA:66,3
DA:67,3
DA:68,3
DA:77,3
DA:78,3
DA:79,3
DA:80,3
LF:30
LH:27
BRDA:19,0,0,0
BRDA:19,0,1,260
BRDA:31,1,0,12
BRDA:31,1,1,0
BRDA:42,2,0,0
BRDA:42,2,1,17
BRDA:42,3,0,17
BRDA:42,3,1,17
BRDA:47,4,0,0
BRDA:47,4,1,17
BRDA:52,5,0,10
BRDA:52,5,1,7
BRDA:65,6,0,3
BRDA:65,6,1,0
BRDA:65,7,0,3
BRDA:65,7,1,3
BRDA:67,8,0,3
BRDA:67,8,1,0
BRDA:79,9,0,3
BRDA:79,9,1,0
BRF:20
BRH:13
end_of_record
TN:
SF:src/services/base/BaseStorageService.ts
FN:18,(anonymous_0)
FN:25,(anonymous_1)
FN:54,(anonymous_2)
FN:92,(anonymous_3)
FNF:4
FNH:4
FNDA:698,(anonymous_0)
FNDA:33,(anonymous_1)
FNDA:451,(anonymous_2)
FNDA:632,(anonymous_3)
DA:8,10
DA:13,10
DA:14,698
DA:16,698
DA:19,698
DA:26,33
DA:55,451
DA:56,0
DA:59,451
DA:60,451
DA:61,451
DA:62,0
DA:65,451
DA:66,451
DA:67,451
DA:68,451
DA:71,0
DA:72,0
DA:93,632
DA:94,0
LF:20
LH:15
BRDA:55,0,0,0
BRDA:55,0,1,451
BRDA:61,1,0,0
BRDA:61,1,1,451
BRDA:73,2,0,0
BRDA:73,2,1,0
BRDA:73,2,2,0
BRDA:73,2,3,0
BRDA:73,2,4,0
BRDA:73,2,5,0
BRDA:73,2,6,0
BRDA:93,3,0,0
BRDA:93,3,1,632
BRF:13
BRH:3
end_of_record
TN:
SF:src/sync/ConflictResolver.ts
FN:18,(anonymous_0)
FN:40,(anonymous_1)
FN:50,(anonymous_2)
FN:57,(anonymous_3)
FNF:4
FNH:4
FNDA:17,(anonymous_0)
FNDA:6,(anonymous_1)
FNDA:2,(anonymous_2)
FNDA:2,(anonymous_3)
DA:14,5
DA:21,17
DA:22,4
DA:25,13
DA:27,7
DA:29,3
DA:31,3
DA:33,0
DA:41,6
DA:42,6
DA:44,6
DA:51,2
DA:58,2
LF:13
LH:12
BRDA:21,0,0,4
BRDA:21,0,1,13
BRDA:25,1,0,7
BRDA:25,1,1,3
BRDA:25,1,2,3
BRDA:25,1,3,0
BRDA:41,2,0,6
BRDA:41,2,1,2
BRDA:42,3,0,6
BRDA:42,3,1,2
BRDA:44,4,0,2
BRDA:44,4,1,4
BRF:12
BRH:11
end_of_record
TN:
SF:src/sync/CrossTabManager.ts
FN:83,(anonymous_0)
FN:91,(anonymous_1)
FN:153,(anonymous_2)
FN:166,(anonymous_3)
FN:187,(anonymous_4)
FN:207,(anonymous_5)
FN:225,(anonymous_6)
FN:235,(anonymous_7)
FN:243,(anonymous_8)
FN:257,(anonymous_9)
FN:267,(anonymous_10)
FN:290,(anonymous_11)
FNF:12
FNH:12
FNDA:26,(anonymous_0)
FNDA:26,(anonymous_1)
FNDA:26,(anonymous_2)
FNDA:9,(anonymous_3)
FNDA:3,(anonymous_4)
FNDA:3,(anonymous_5)
FNDA:34,(anonymous_6)
FNDA:13,(anonymous_7)
FNDA:4,(anonymous_8)
FNDA:1,(anonymous_9)
FNDA:3,(anonymous_10)
FNDA:1,(anonymous_11)
DA:7,8
DA:8,8
DA:10,8
DA:72,8
DA:76,26
DA:84,26
DA:85,26
DA:99,26
DA:102,26
DA:103,0
DA:104,0
DA:110,0
DA:111,0
DA:113,0
DA:121,26
DA:125,23
DA:126,23
DA:132,23
DA:133,23
DA:135,0
DA:140,3
DA:145,3
DA:154,26
DA:167,9
DA:168,1
DA:171,8
DA:172,8
DA:173,0
DA:178,0
DA:188,3
DA:189,1
DA:192,2
DA:193,2
DA:194,0
DA:198,0
DA:208,3
DA:209,1
DA:212,2
DA:213,2
DA:214,0
DA:218,0
DA:226,34
DA:227,34
DA:228,34
DA:236,13
DA:244,4
DA:245,0
DA:247,4
DA:248,3
DA:250,1
DA:258,1
DA:269,3
DA:270,0
DA:274,3
DA:275,3
DA:281,0
DA:293,1
DA:294,0
DA:297,1
DA:302,1
DA:305,0
LF:61
LH:44
BRDA:102,0,0,0
BRDA:102,0,1,26
BRDA:102,1,0,26
BRDA:102,1,1,0
BRDA:121,2,0,23
BRDA:121,2,1,3
BRDA:122,3,0,26
BRDA:122,3,1,26
BRDA:155,4,0,26
BRDA:155,4,1,4
BRDA:167,5,0,1
BRDA:167,5,1,8
BRDA:172,6,0,0
BRDA:172,6,1,8
BRDA:188,7,0,1
BRDA:188,7,1,2
BRDA:193,8,0,0
BRDA:193,8,1,2
BRDA:208,9,0,1
BRDA:208,9,1,2
BRDA:213,10,0,0
BRDA:213,10,1,2
BRDA:244,11,0,0
BRDA:244,11,1,4
BRDA:247,12,0,3
BRDA:247,12,1,1
BRDA:269,13,0,0
BRDA:269,13,1,3
BRDA:274,14,0,3
BRDA:274,14,1,0
BRDA:276,15,0,3
BRDA:276,15,1,2
BRDA:293,16,0,0
BRDA:293,16,1,1
BRDA:297,17,0,1
BRDA:297,17,1,0
BRDA:298,18,0,1
BRDA:298,18,1,1
BRDA:298,18,2,0
BRF:39
BRH:28
end_of_record
TN:
SF:src/sync/CrossTabMessage.ts
FN:48,createUpdateMessage
FN:68,createRemoveMessage
FN:86,createClearMessage
FNF:3
FNH:0
FNDA:0,createUpdateMessage
FNDA:0,createRemoveMessage
FNDA:0,createClearMessage
DA:48,9
DA:53,0
DA:68,9
DA:72,0
DA:86,9
DA:90,0
LF:6
LH:3
BRF:0
BRH:0
end_of_record
TN:
SF:src/sync/CrossTabSync.ts
FN:55,(anonymous_0)
FN:75,(anonymous_1)
FN:86,(anonymous_2)
FN:96,(anonymous_3)
FN:106,(anonymous_4)
FN:116,(anonymous_5)
FN:158,(anonymous_6)
FN:165,(anonymous_7)
FN:173,(anonymous_8)
FNF:9
FNH:2
FNDA:1,(anonymous_0)
FNDA:0,(anonymous_1)
FNDA:0,(anonymous_2)
FNDA:0,(anonymous_3)
FNDA:0,(anonymous_4)
FNDA:0,(anonymous_5)
FNDA:0,(anonymous_6)
FNDA:0,(anonymous_7)
FNDA:34,(anonymous_8)
DA:7,9
DA:12,9
DA:37,9
DA:61,1
DA:62,1
DA:65,0
DA:66,0
DA:67,0
DA:68,0
DA:69,0
DA:72,0
DA:75,0
DA:76,0
DA:87,0
DA:88,0
DA:97,0
DA:98,0
DA:107,0
DA:108,0
DA:118,0
DA:119,0
DA:123,0
DA:124,0
DA:127,0
DA:128,0
DA:130,0
DA:131,0
DA:133,0
DA:136,0
DA:137,0
DA:139,0
DA:142,0
DA:143,0
DA:145,0
DA:148,0
DA:151,0
DA:159,0
DA:166,0
DA:174,34
LF:39
LH:6
BRDA:61,0,0,1
BRDA:61,0,1,0
BRDA:118,1,0,0
BRDA:118,1,1,0
BRDA:123,2,0,0
BRDA:123,2,1,0
BRDA:128,3,0,0
BRDA:128,3,1,0
BRDA:128,3,2,0
BRDA:128,3,3,0
BRDA:130,4,0,0
BRDA:130,4,1,0
BRDA:130,5,0,0
BRDA:130,5,1,0
BRDA:136,6,0,0
BRDA:136,6,1,0
BRDA:142,7,0,0
BRDA:142,7,1,0
BRF:18
BRH:1
end_of_record
TN:
SF:src/sync/StorageEventSync.ts
FN:75,(anonymous_1)
FN:113,(anonymous_2)
FN:122,(anonymous_3)
FN:130,(anonymous_4)
FNF:4
FNH:4
FNDA:4,(anonymous_1)
FNDA:42,(anonymous_2)
FNDA:1,(anonymous_3)
FNDA:34,(anonymous_4)
DA:31,9
DA:53,32
DA:54,0
DA:57,32
DA:58,32
DA:59,32
DA:64,32
DA:67,32
DA:77,4
DA:78,1
DA:81,3
DA:83,3
DA:85,1
DA:86,1
DA:88,2
DA:90,2
DA:91,2
DA:93,1
DA:94,1
DA:97,1
DA:106,0
DA:114,42
DA:115,42
DA:123,1
DA:131,34
LF:25
LH:23
BRDA:53,0,0,0
BRDA:53,0,1,32
BRDA:77,1,0,1
BRDA:77,1,1,3
BRDA:83,2,0,1
BRDA:83,2,1,2
BRDA:85,3,0,1
BRDA:85,3,1,0
BRDA:88,4,0,2
BRDA:88,4,1,0
BRDA:93,5,0,1
BRDA:93,5,1,0
BRDA:114,6,0,42
BRDA:114,6,1,0
BRDA:131,7,0,34
BRDA:131,7,1,34
BRF:16
BRH:11
end_of_record
TN:
SF:src/sync/SyncManager.ts
FN:29,(anonymous_0)
FN:147,(anonymous_1)
FN:39,(anonymous_2)
FN:54,(anonymous_3)
FN:68,(anonymous_4)
FN:84,(anonymous_5)
FN:133,(anonymous_6)
FN:140,(anonymous_7)
FN:156,(anonymous_8)
FN:177,(anonymous_9)
FN:193,(anonymous_10)
FN:207,(anonymous_11)
FNF:12
FNH:11
FNDA:41,(anonymous_0)
FNDA:3,(anonymous_1)
FNDA:41,(anonymous_2)
FNDA:1,(anonymous_3)
FNDA:31,(anonymous_4)
FNDA:60,(anonymous_5)
FNDA:8,(anonymous_6)
FNDA:71,(anonymous_7)
FNDA:41,(anonymous_8)
FNDA:41,(anonymous_9)
FNDA:41,(anonymous_10)
FNDA:0,(anonymous_11)
DA:14,4
DA:15,4
DA:16,4
DA:21,4
DA:27,41
DA:30,41
DA:31,41
DA:32,41
DA:33,41
DA:40,41
DA:41,1
DA:44,40
DA:47,40
DA:48,40
DA:52,40
DA:53,1
DA:54,1
DA:60,40
DA:61,40
DA:69,31
DA:71,31
DA:72,31
DA:75,31
DA:76,1
DA:77,1
DA:85,60
DA:86,1
DA:94,59
DA:95,59
DA:97,59
DA:99,59
DA:100,59
DA:102,59
DA:103,59
DA:104,59
DA:105,59
DA:107,59
DA:109,59
DA:111,59
DA:113,0
DA:114,0
DA:117,0
DA:124,0
DA:126,59
DA:134,8
DA:141,71
DA:147,41
DA:148,3
DA:149,3
DA:157,41
DA:158,0
DA:161,41
DA:162,0
DA:166,41
DA:178,41
DA:180,32
DA:182,4
DA:184,5
DA:186,0
DA:194,41
DA:208,0
DA:209,0
DA:210,0
LF:63
LH:53
BRDA:148,0,0,3
BRDA:148,0,1,0
BRDA:148,1,0,3
BRDA:148,1,1,3
BRDA:40,2,0,1
BRDA:40,2,1,40
BRDA:47,3,0,40
BRDA:47,3,1,0
BRDA:52,4,0,1
BRDA:52,4,1,39
BRDA:52,5,0,40
BRDA:52,5,1,5
BRDA:60,6,0,40
BRDA:60,6,1,0
BRDA:60,7,0,40
BRDA:60,7,1,40
BRDA:71,8,0,31
BRDA:71,8,1,0
BRDA:75,9,0,1
BRDA:75,9,1,30
BRDA:85,10,0,1
BRDA:85,10,1,59
BRDA:85,11,0,60
BRDA:85,11,1,59
BRDA:157,12,0,0
BRDA:157,12,1,41
BRDA:161,13,0,0
BRDA:161,13,1,41
BRDA:178,14,0,32
BRDA:178,14,1,4
BRDA:178,14,2,5
BRDA:178,14,3,0
BRDA:209,15,0,0
BRDA:209,15,1,0
BRF:34
BRH:25
end_of_record
TN:
SF:src/sync/TabIdGenerator.ts
FN:13,getTabId
FN:32,clearTabId
FN:43,isFromCurrentTab
FNF:3
FNH:1
FNDA:0,getTabId
FNDA:14,clearTabId
FNDA:0,isFromCurrentTab
DA:5,9
DA:13,9
DA:14,0
DA:16,0
DA:19,0
DA:21,0
DA:22,0
DA:23,0
DA:26,0
DA:32,9
DA:33,14
DA:34,14
DA:43,9
DA:44,0
LF:14
LH:6
BRDA:14,0,0,0
BRDA:14,0,1,0
BRDA:21,1,0,0
BRDA:21,1,1,0
BRDA:33,2,0,14
BRDA:33,2,1,0
BRF:6
BRH:1
end_of_record
TN:
SF:src/sync/index.ts
FN:7,(anonymous_0)
FN:8,(anonymous_1)
FN:10,(anonymous_2)
FN:16,(anonymous_3)
FN:17,(anonymous_4)
FN:18,(anonymous_5)
FN:20,(anonymous_6)
FN:20,(anonymous_7)
FN:20,(anonymous_8)
FN:23,(anonymous_9)
FN:24,(anonymous_10)
FN:38,(anonymous_11)
FN:39,(anonymous_12)
FN:40,(anonymous_13)
FNF:14
FNH:0
FNDA:0,(anonymous_0)
FNDA:0,(anonymous_1)
FNDA:0,(anonymous_2)
FNDA:0,(anonymous_3)
FNDA:0,(anonymous_4)
FNDA:0,(anonymous_5)
FNDA:0,(anonymous_6)
FNDA:0,(anonymous_7)
FNDA:0,(anonymous_8)
FNDA:0,(anonymous_9)
FNDA:0,(anonymous_10)
FNDA:0,(anonymous_11)
FNDA:0,(anonymous_12)
FNDA:0,(anonymous_13)
DA:7,1
DA:8,1
DA:9,1
DA:10,1
DA:13,1
DA:16,1
DA:17,1
DA:18,1
DA:20,1
DA:23,1
DA:24,1
DA:38,1
DA:39,1
DA:40,1
LF:14
LH:14
BRF:0
BRH:0
end_of_record
TN:
SF:src/sync/strategies/BatchStrategy.ts
FN:16,(anonymous_0)
FN:25,(anonymous_1)
FN:50,(anonymous_2)
FN:66,(anonymous_3)
FN:79,(anonymous_4)
FN:82,(anonymous_5)
FN:85,(anonymous_6)
FNF:7
FNH:6
FNDA:13,(anonymous_0)
FNDA:20,(anonymous_1)
FNDA:4,(anonymous_2)
FNDA:0,(anonymous_3)
FNDA:8,(anonymous_4)
FNDA:6,(anonymous_5)
FNDA:2,(anonymous_6)
DA:9,4
DA:15,4
DA:20,13
DA:21,13
DA:24,13
DA:25,20
DA:28,13
DA:29,11
DA:32,2
DA:33,2
DA:34,2
DA:36,2
DA:39,2
DA:40,2
DA:42,2
DA:43,2
DA:45,2
DA:46,2
DA:47,2
DA:50,2
DA:51,4
DA:52,0
DA:53,0
DA:54,0
DA:55,0
DA:57,4
DA:58,4
DA:63,2
DA:66,0
DA:67,0
DA:68,0
DA:70,0
DA:72,0
DA:76,2
DA:80,8
DA:81,8
DA:82,8
DA:94,2
DA:103,2
DA:104,0
DA:107,2
DA:114,2
DA:115,2
DA:117,2
DA:118,2
DA:119,4
DA:120,4
DA:123,4
DA:124,0
DA:125,0
DA:128,0
DA:132,0
DA:133,0
DA:139,2
LF:54
LH:39
BRDA:25,0,0,20
BRDA:25,0,1,16
BRDA:28,1,0,11
BRDA:28,1,1,2
BRDA:36,2,0,2
BRDA:36,2,1,0
BRDA:51,3,0,0
BRDA:51,3,1,4
BRDA:58,4,0,4
BRDA:58,4,1,4
BRDA:68,5,0,0
BRDA:68,5,1,0
BRDA:103,6,0,0
BRDA:103,6,1,2
BRDA:117,7,0,2
BRDA:117,7,1,0
BRDA:117,8,0,2
BRDA:117,8,1,2
BRDA:119,9,0,4
BRDA:119,9,1,0
BRDA:123,10,0,0
BRDA:123,10,1,4
BRDA:123,11,0,4
BRDA:123,11,1,0
BRDA:130,12,0,0
BRDA:130,12,1,0
BRF:26
BRH:15
end_of_record
TN:
SF:src/sync/strategies/ImmediateStrategy.ts
FN:15,(anonymous_0)
FN:24,(anonymous_1)
FN:62,(anonymous_2)
FN:65,(anonymous_3)
FN:68,(anonymous_4)
FN:102,(anonymous_5)
FNF:6
FNH:6
FNDA:53,(anonymous_0)
FNDA:42,(anonymous_1)
FNDA:48,(anonymous_2)
FNDA:36,(anonymous_3)
FNDA:31,(anonymous_4)
FNDA:11,(anonymous_5)
DA:9,4
DA:14,4
DA:19,53
DA:20,53
DA:23,53
DA:24,42
DA:27,53
DA:28,38
DA:31,15
DA:32,15
DA:33,15
DA:36,15
DA:37,31
DA:38,31
DA:40,11
DA:41,0
DA:45,11
DA:46,11
DA:47,11
DA:48,11
DA:50,20
DA:51,20
DA:52,20
DA:57,15
DA:59,15
DA:63,48
DA:64,48
DA:65,48
DA:72,31
DA:81,14
DA:82,3
DA:85,11
DA:88,11
DA:89,0
DA:90,0
DA:95,0
DA:96,0
DA:99,11
DA:103,11
LF:39
LH:34
BRDA:27,0,0,38
BRDA:27,0,1,15
BRDA:40,1,0,0
BRDA:40,1,1,11
BRDA:51,2,0,20
BRDA:51,2,1,20
BRDA:81,3,0,3
BRDA:81,3,1,11
BRDA:88,4,0,0
BRDA:88,4,1,11
BRDA:92,5,0,0
BRDA:92,5,1,0
BRDA:104,6,0,11
BRDA:104,6,1,0
BRDA:104,6,2,0
BRF:15
BRH:9
end_of_record
TN:
SF:src/sync/strategies/QueuedStrategy.ts
FN:15,(anonymous_0)
FN:24,(anonymous_1)
FN:82,(anonymous_2)
FN:85,(anonymous_3)
FN:88,(anonymous_4)
FN:122,(anonymous_5)
FN:130,(anonymous_6)
FN:131,(anonymous_7)
FNF:8
FNH:6
FNDA:10,(anonymous_0)
FNDA:110,(anonymous_1)
FNDA:6,(anonymous_2)
FNDA:6,(anonymous_3)
FNDA:3,(anonymous_4)
FNDA:3,(anonymous_5)
FNDA:0,(anonymous_6)
FNDA:0,(anonymous_7)
DA:9,4
DA:14,4
DA:19,10
DA:20,10
DA:23,10
DA:24,110
DA:27,10
DA:28,9
DA:31,1
DA:32,1
DA:33,1
DA:35,1
DA:38,1
DA:39,1
DA:41,1
DA:43,3
DA:47,0
DA:50,3
DA:51,3
DA:53,3
DA:54,0
DA:58,3
DA:59,3
DA:60,3
DA:61,3
DA:62,3
DA:64,0
DA:65,0
DA:66,0
DA:69,0
DA:70,0
DA:76,1
DA:79,1
DA:83,6
DA:84,6
DA:85,6
DA:92,3
DA:101,3
DA:102,0
DA:105,3
DA:108,3
DA:109,0
DA:110,0
DA:115,0
DA:116,0
DA:119,3
DA:123,3
DA:131,0
LF:48
LH:35
BRDA:24,0,0,110
BRDA:24,0,1,107
BRDA:27,1,0,9
BRDA:27,1,1,1
BRDA:35,2,0,1
BRDA:35,2,1,0
BRDA:43,3,0,0
BRDA:43,3,1,3
BRDA:44,4,0,3
BRDA:44,4,1,0
BRDA:45,5,0,0
BRDA:45,5,1,0
BRDA:53,6,0,0
BRDA:53,6,1,3
BRDA:65,7,0,0
BRDA:65,7,1,0
BRDA:69,8,0,0
BRDA:69,8,1,0
BRDA:69,9,0,0
BRDA:69,9,1,0
BRDA:70,10,0,0
BRDA:70,10,1,0
BRDA:101,11,0,0
BRDA:101,11,1,3
BRDA:108,12,0,0
BRDA:108,12,1,3
BRDA:112,13,0,0
BRDA:112,13,1,0
BRDA:124,14,0,3
BRDA:124,14,1,0
BRDA:124,14,2,0
BRF:31
BRH:11
end_of_record
TN:
SF:src/utils/ErrorHandler.ts
FN:15,(anonymous_0)
FN:26,(anonymous_1)
FN:41,(anonymous_2)
FN:52,(anonymous_3)
FN:63,(anonymous_4)
FN:75,(anonymous_5)
FNF:6
FNH:5
FNDA:214,(anonymous_0)
FNDA:5,(anonymous_1)
FNDA:6,(anonymous_2)
FNDA:298,(anonymous_3)
FNDA:0,(anonymous_4)
FNDA:2,(anonymous_5)
DA:11,7
DA:16,214
DA:17,214
DA:27,5
DA:28,0
DA:31,5
DA:32,3
DA:42,6
DA:43,3
DA:53,298
DA:54,12
DA:64,0
DA:65,0
DA:76,2
DA:77,2
DA:84,2
LF:16
LH:13
BRDA:15,0,0,0
BRDA:15,1,0,0
BRDA:26,2,0,0
BRDA:27,3,0,0
BRDA:27,3,1,5
BRDA:27,4,0,5
BRDA:27,4,1,0
BRDA:31,5,0,3
BRDA:31,5,1,2
BRDA:42,6,0,3
BRDA:42,6,1,3
BRDA:42,7,0,6
BRDA:42,7,1,3
BRDA:53,8,0,12
BRDA:53,8,1,286
BRDA:53,9,0,298
BRDA:53,9,1,20
BRDA:64,10,0,0
BRDA:64,10,1,0
BRDA:64,11,0,0
BRDA:64,11,1,0
BRF:21
BRH:12
end_of_record
TN:
SF:src/utils/ValidationUtils.ts
FN:19,(anonymous_0)
FN:40,(anonymous_1)
FN:59,(anonymous_2)
FN:74,(anonymous_3)
FN:83,(anonymous_4)
FNF:5
FNH:4
FNDA:521,(anonymous_0)
FNDA:500,(anonymous_1)
FNDA:135,(anonymous_2)
FNDA:14,(anonymous_3)
FNDA:0,(anonymous_4)
DA:6,7
DA:7,7
DA:8,7
DA:13,7
DA:20,521
DA:21,1
DA:27,520
DA:28,3
DA:41,500
DA:42,0
DA:48,500
DA:49,2
DA:60,135
DA:61,1
DA:64,134
DA:65,1
DA:75,14
DA:84,0
LF:18
LH:16
BRDA:20,0,0,1
BRDA:20,0,1,520
BRDA:27,1,0,3
BRDA:27,1,1,517
BRDA:27,2,0,520
BRDA:27,2,1,518
BRDA:41,3,0,0
BRDA:41,3,1,500
BRDA:48,4,0,2
BRDA:48,4,1,498
BRDA:59,5,0,2
BRDA:60,6,0,1
BRDA:60,6,1,134
BRDA:60,7,0,135
BRDA:60,7,1,134
BRDA:64,8,0,1
BRDA:64,8,1,133
BRF:17
BRH:16
end_of_record
