TN:
SF:src/core/DataContext.ts
FN:21,(anonymous_2)
FN:21,(anonymous_3)
FN:82,(anonymous_4)
FN:118,(anonymous_5)
FN:125,(anonymous_6)
FN:139,(anonymous_7)
FN:146,(anonymous_8)
FN:162,(anonymous_9)
FN:169,(anonymous_10)
FN:186,(anonymous_11)
FN:193,(anonymous_12)
FN:207,(anonymous_13)
FN:232,(anonymous_14)
FN:246,(anonymous_15)
FN:268,(anonymous_16)
FN:318,(anonymous_17)
FN:351,(anonymous_18)
FN:389,(anonymous_19)
FN:422,(anonymous_20)
FN:438,(anonymous_21)
FN:457,(anonymous_22)
FN:479,(anonymous_23)
FN:501,(anonymous_24)
FN:526,(anonymous_25)
FN:557,(anonymous_26)
FN:575,_DataContext_logDataEntry
FN:610,(anonymous_28)
FNF:27
FNH:25
FNDA:0,(anonymous_2)
FNDA:0,(anonymous_3)
FNDA:81,(anonymous_4)
FNDA:68,(anonymous_5)
FNDA:41,(anonymous_6)
FNDA:18,(anonymous_7)
FNDA:12,(anonymous_8)
FNDA:2,(anonymous_9)
FNDA:7,(anonymous_10)
FNDA:2,(anonymous_11)
FNDA:3,(anonymous_12)
FNDA:5,(anonymous_13)
FNDA:3,(anonymous_14)
FNDA:4,(anonymous_15)
FNDA:5,(anonymous_16)
FNDA:23,(anonymous_17)
FNDA:9,(anonymous_18)
FNDA:10,(anonymous_19)
FNDA:11,(anonymous_20)
FNDA:5,(anonymous_21)
FNDA:6,(anonymous_22)
FNDA:5,(anonymous_23)
FNDA:3,(anonymous_24)
FNDA:3,(anonymous_25)
FNDA:3,(anonymous_26)
FNDA:49,_DataContext_logDataEntry
FNDA:8,(anonymous_28)
DA:7,1
DA:8,1
DA:12,1
DA:13,1
DA:14,1
DA:16,1
DA:21,1
DA:50,1
DA:52,81
DA:53,81
DA:54,81
DA:55,81
DA:56,81
DA:58,81
DA:89,81
DA:91,27
DA:97,54
DA:100,81
DA:101,81
DA:103,81
DA:108,81
DA:119,68
DA:126,41
DA:127,1
DA:133,40
DA:140,18
DA:147,12
DA:148,2
DA:152,10
DA:163,2
DA:170,7
DA:172,4
DA:173,0
DA:180,4
DA:187,2
DA:194,3
DA:195,2
DA:211,5
DA:216,5
DA:217,5
DA:218,5
DA:222,5
DA:224,5
DA:233,3
DA:234,3
DA:235,3
DA:236,3
DA:238,3
DA:247,4
DA:248,1
DA:249,1
DA:252,3
DA:253,3
DA:254,3
DA:255,3
DA:256,3
DA:257,3
DA:259,3
DA:269,5
DA:270,1
DA:271,1
DA:274,5
DA:275,2
DA:276,2
DA:278,2
DA:279,2
DA:280,2
DA:283,2
DA:285,0
DA:294,3
DA:295,3
DA:296,3
DA:299,3
DA:302,5
DA:319,23
DA:321,21
DA:322,1
DA:325,21
DA:331,21
DA:338,21
DA:352,9
DA:354,8
DA:355,0
DA:364,8
DA:366,8
DA:368,8
DA:375,8
DA:394,10
DA:395,10
DA:396,9
DA:398,9
DA:400,9
DA:407,9
DA:423,11
DA:439,5
DA:441,5
DA:461,6
DA:462,6
DA:464,6
DA:480,5
DA:482,5
DA:489,5
DA:502,3
DA:504,3
DA:506,3
DA:513,3
DA:530,3
DA:531,3
DA:533,3
DA:535,3
DA:542,3
DA:558,3
DA:559,3
DA:575,1
DA:580,49
DA:581,49
DA:583,49
DA:585,38
DA:592,38
DA:593,38
DA:594,2
DA:598,38
DA:601,0
DA:602,0
DA:606,0
DA:609,11
DA:610,8
DA:612,11
DA:613,1
DA:617,11
DA:620,0
DA:621,0
LF:132
LH:124
BRDA:89,0,0,27
BRDA:89,0,1,54
BRDA:126,1,0,1
BRDA:126,1,1,40
BRDA:147,2,0,2
BRDA:147,2,1,10
BRDA:147,3,0,12
BRDA:147,3,1,10
BRDA:172,4,0,0
BRDA:172,4,1,4
BRDA:247,5,0,1
BRDA:247,5,1,3
BRDA:255,6,0,3
BRDA:255,6,1,0
BRDA:269,7,0,1
BRDA:269,7,1,4
BRDA:274,8,0,2
BRDA:274,8,1,3
BRDA:274,9,0,5
BRDA:274,9,1,4
BRDA:321,10,0,1
BRDA:321,10,1,20
BRDA:354,11,0,0
BRDA:354,11,1,8
BRDA:583,12,0,38
BRDA:583,12,1,0
BRDA:583,12,2,11
BRDA:583,12,3,0
BRDA:593,13,0,2
BRDA:593,13,1,36
BRDA:601,14,0,0
BRDA:601,14,1,0
BRDA:612,15,0,1
BRDA:612,15,1,10
BRF:34
BRH:27
end_of_record
TN:
SF:src/core/StorageManager.ts
FN:22,(anonymous_0)
FN:31,(anonymous_1)
FN:49,(anonymous_2)
FN:75,(anonymous_3)
FN:114,(anonymous_4)
FN:131,(anonymous_5)
FNF:6
FNH:6
FNDA:81,(anonymous_0)
FNDA:74,(anonymous_1)
FNDA:38,(anonymous_2)
FNDA:22,(anonymous_3)
FNDA:11,(anonymous_4)
FNDA:3,(anonymous_5)
DA:8,1
DA:9,1
DA:10,1
DA:11,1
DA:17,1
DA:23,81
DA:24,81
DA:25,81
DA:32,74
DA:34,65
DA:36,9
DA:38,0
DA:39,0
DA:54,38
DA:55,38
DA:56,38
DA:58,38
DA:59,38
DA:60,38
DA:62,38
DA:79,22
DA:80,22
DA:82,22
DA:83,22
DA:85,22
DA:86,6
DA:89,16
DA:90,16
DA:91,14
DA:96,14
DA:98,2
DA:105,2
DA:115,11
DA:116,11
DA:118,11
DA:119,11
DA:121,11
DA:132,3
DA:134,3
DA:135,3
DA:137,3
LF:41
LH:39
BRDA:32,0,0,65
BRDA:32,0,1,9
BRDA:32,0,2,0
BRDA:85,1,0,6
BRDA:85,1,1,16
BRDA:101,2,0,2
BRDA:101,2,1,0
BRF:7
BRH:5
end_of_record
TN:
SF:src/errors/DataRetrievalError.ts
FN:7,(anonymous_0)
FNF:1
FNH:1
FNDA:11,(anonymous_0)
DA:6,2
DA:7,11
DA:8,11
DA:9,11
LF:4
LH:4
BRF:0
BRH:0
end_of_record
TN:
SF:src/errors/DataServiceUnavailable.ts
FN:7,(anonymous_0)
FNF:1
FNH:1
FNDA:8,(anonymous_0)
DA:6,2
DA:8,8
DA:9,8
LF:3
LH:3
BRDA:7,0,0,5
BRF:1
BRH:1
end_of_record
TN:
SF:src/errors/PersistenceServiceNotEnabled.ts
FN:7,(anonymous_0)
FNF:1
FNH:1
FNDA:9,(anonymous_0)
DA:6,4
DA:8,9
DA:9,9
LF:3
LH:3
BRDA:7,0,0,5
BRF:1
BRH:1
end_of_record
TN:
SF:src/errors/StorageKeyError.ts
FN:7,(anonymous_0)
FNF:1
FNH:1
FNDA:13,(anonymous_0)
DA:6,2
DA:7,13
DA:8,13
DA:9,13
LF:4
LH:4
BRF:0
BRH:0
end_of_record
TN:
SF:src/errors/StorageLocationError.ts
FN:7,(anonymous_0)
FNF:1
FNH:1
FNDA:12,(anonymous_0)
DA:6,2
DA:7,12
DA:8,12
DA:13,12
LF:4
LH:4
BRF:0
BRH:0
end_of_record
TN:
SF:src/errors/StorageQuotaError.ts
FN:7,(anonymous_0)
FNF:1
FNH:1
FNDA:10,(anonymous_0)
DA:6,2
DA:8,10
DA:9,10
DA:12,10
DA:13,10
LF:5
LH:5
BRDA:10,0,0,9
BRF:1
BRH:1
end_of_record
TN:
SF:src/errors/index.ts
FN:6,(anonymous_0)
FN:7,(anonymous_1)
FN:8,(anonymous_2)
FN:9,(anonymous_3)
FN:10,(anonymous_4)
FN:11,(anonymous_5)
FNF:6
FNH:6
FNDA:15,(anonymous_0)
FNDA:12,(anonymous_1)
FNDA:14,(anonymous_2)
FNDA:15,(anonymous_3)
FNDA:16,(anonymous_4)
FNDA:13,(anonymous_5)
DA:6,17
DA:7,14
DA:8,16
DA:9,17
DA:10,18
DA:11,15
LF:6
LH:6
BRF:0
BRH:0
end_of_record
TN:
SF:src/models/DataContextConfig.ts
FN:37,createDefaultConfig
FN:49,mergeConfig
FNF:2
FNH:2
FNDA:81,createDefaultConfig
FNDA:81,mergeConfig
DA:7,1
DA:37,1
DA:38,81
DA:49,1
DA:52,81
DA:54,81
DA:55,54
DA:58,27
LF:8
LH:8
BRDA:54,0,0,54
BRDA:54,0,1,27
BRDA:59,1,0,27
BRDA:59,1,1,0
BRDA:60,2,0,27
BRDA:60,2,1,24
BRDA:61,3,0,27
BRDA:61,3,1,27
BRDA:62,4,0,27
BRDA:62,4,1,27
BRF:10
BRH:9
end_of_record
TN:
SF:src/models/databaseSettings.ts
FN:17,createDatabaseSettings
FNF:1
FNH:0
FNDA:0,createDatabaseSettings
DA:1,1
DA:17,1
DA:24,0
LF:3
LH:2
BRDA:18,0,0,0
BRDA:19,1,0,0
BRDA:20,2,0,0
BRDA:21,3,0,0
BRDA:22,4,0,0
BRF:5
BRH:0
end_of_record
TN:
SF:src/models/storageItem.ts
FN:12,createStorageItem
FNF:1
FNH:1
FNDA:33,createStorageItem
DA:12,4
DA:13,33
LF:2
LH:2
BRF:0
BRH:0
end_of_record
TN:
SF:src/models/storageLocations.ts
FN:4,(anonymous_0)
FNF:1
FNH:1
FNDA:2,(anonymous_0)
DA:4,2
DA:5,2
DA:6,2
LF:3
LH:3
BRDA:4,0,0,2
BRDA:4,0,1,2
BRF:2
BRH:2
end_of_record
TN:
SF:src/services/LocalStorageService.ts
FN:12,(anonymous_0)
FN:18,(anonymous_1)
FN:28,(anonymous_2)
FN:39,(anonymous_3)
FN:62,(anonymous_4)
FN:76,(anonymous_5)
FNF:6
FNH:6
FNDA:93,(anonymous_0)
FNDA:175,(anonymous_1)
FNDA:43,(anonymous_2)
FNDA:24,(anonymous_3)
FNDA:13,(anonymous_4)
FNDA:3,(anonymous_5)
DA:6,2
DA:7,2
DA:12,2
DA:13,93
DA:19,175
DA:20,0
DA:22,175
DA:29,43
DA:30,43
DA:31,43
DA:32,43
DA:40,24
DA:42,24
DA:43,1
DA:46,23
DA:47,23
DA:48,0
DA:51,23
DA:52,23
DA:53,7
DA:56,16
DA:63,13
DA:65,13
DA:66,13
DA:67,13
DA:68,13
DA:77,3
DA:78,3
DA:79,3
DA:80,3
LF:30
LH:28
BRDA:19,0,0,0
BRDA:19,0,1,175
BRDA:31,1,0,43
BRDA:31,1,1,0
BRDA:42,2,0,1
BRDA:42,2,1,23
BRDA:42,3,0,24
BRDA:42,3,1,23
BRDA:47,4,0,0
BRDA:47,4,1,23
BRDA:52,5,0,7
BRDA:52,5,1,16
BRDA:65,6,0,13
BRDA:65,6,1,0
BRDA:65,7,0,13
BRDA:65,7,1,13
BRDA:67,8,0,13
BRDA:67,8,1,0
BRDA:79,9,0,3
BRDA:79,9,1,0
BRF:20
BRH:14
end_of_record
TN:
SF:src/services/SessionStorageService.ts
FN:12,(anonymous_0)
FN:18,(anonymous_1)
FN:28,(anonymous_2)
FN:39,(anonymous_3)
FN:62,(anonymous_4)
FN:76,(anonymous_5)
FNF:6
FNH:6
FNDA:92,(anonymous_0)
FNDA:114,(anonymous_1)
FNDA:9,(anonymous_2)
FNDA:7,(anonymous_3)
FNDA:3,(anonymous_4)
FNDA:3,(anonymous_5)
DA:6,2
DA:7,2
DA:12,2
DA:13,92
DA:19,114
DA:20,0
DA:22,114
DA:29,9
DA:30,9
DA:31,9
DA:32,9
DA:40,7
DA:42,7
DA:43,0
DA:46,7
DA:47,7
DA:48,0
DA:51,7
DA:52,7
DA:53,3
DA:56,4
DA:63,3
DA:65,3
DA:66,3
DA:67,3
DA:68,3
DA:77,3
DA:78,3
DA:79,3
DA:80,3
LF:30
LH:27
BRDA:19,0,0,0
BRDA:19,0,1,114
BRDA:31,1,0,9
BRDA:31,1,1,0
BRDA:42,2,0,0
BRDA:42,2,1,7
BRDA:42,3,0,7
BRDA:42,3,1,7
BRDA:47,4,0,0
BRDA:47,4,1,7
BRDA:52,5,0,3
BRDA:52,5,1,4
BRDA:65,6,0,3
BRDA:65,6,1,0
BRDA:65,7,0,3
BRDA:65,7,1,3
BRDA:67,8,0,3
BRDA:67,8,1,0
BRDA:79,9,0,3
BRDA:79,9,1,0
BRF:20
BRH:13
end_of_record
TN:
SF:src/services/base/BaseStorageService.ts
FN:18,(anonymous_0)
FN:25,(anonymous_1)
FN:54,(anonymous_2)
FN:92,(anonymous_3)
FNF:4
FNH:3
FNDA:185,(anonymous_0)
FNDA:0,(anonymous_1)
FNDA:185,(anonymous_2)
FNDA:105,(anonymous_3)
DA:8,3
DA:13,3
DA:14,185
DA:16,185
DA:19,185
DA:26,0
DA:55,185
DA:56,0
DA:59,185
DA:60,185
DA:61,185
DA:62,0
DA:65,185
DA:66,185
DA:67,185
DA:68,185
DA:71,0
DA:72,0
DA:93,105
DA:94,0
LF:20
LH:14
BRDA:55,0,0,0
BRDA:55,0,1,185
BRDA:61,1,0,0
BRDA:61,1,1,185
BRDA:73,2,0,0
BRDA:73,2,1,0
BRDA:73,2,2,0
BRDA:73,2,3,0
BRDA:73,2,4,0
BRDA:73,2,5,0
BRDA:73,2,6,0
BRDA:93,3,0,0
BRDA:93,3,1,105
BRF:13
BRH:3
end_of_record
TN:
SF:src/utils/ErrorHandler.ts
FN:15,(anonymous_0)
FN:26,(anonymous_1)
FN:41,(anonymous_2)
FN:52,(anonymous_3)
FN:63,(anonymous_4)
FN:75,(anonymous_5)
FNF:6
FNH:5
FNDA:81,(anonymous_0)
FNDA:5,(anonymous_1)
FNDA:5,(anonymous_2)
FNDA:82,(anonymous_3)
FNDA:0,(anonymous_4)
FNDA:2,(anonymous_5)
DA:11,1
DA:16,81
DA:17,81
DA:27,5
DA:28,0
DA:31,5
DA:32,3
DA:42,5
DA:43,3
DA:53,82
DA:54,12
DA:64,0
DA:65,0
DA:76,2
DA:77,2
DA:84,2
LF:16
LH:13
BRDA:15,0,0,0
BRDA:15,1,0,0
BRDA:26,2,0,0
BRDA:27,3,0,0
BRDA:27,3,1,5
BRDA:27,4,0,5
BRDA:27,4,1,0
BRDA:31,5,0,3
BRDA:31,5,1,2
BRDA:42,6,0,3
BRDA:42,6,1,2
BRDA:42,7,0,5
BRDA:42,7,1,3
BRDA:53,8,0,12
BRDA:53,8,1,70
BRDA:53,9,0,82
BRDA:53,9,1,20
BRDA:64,10,0,0
BRDA:64,10,1,0
BRDA:64,11,0,0
BRDA:64,11,1,0
BRF:21
BRH:12
end_of_record
TN:
SF:src/utils/ValidationUtils.ts
FN:19,(anonymous_0)
FN:40,(anonymous_1)
FN:59,(anonymous_2)
FN:74,(anonymous_3)
FN:83,(anonymous_4)
FNF:5
FNH:4
FNDA:114,(anonymous_0)
FNDA:96,(anonymous_1)
FNDA:78,(anonymous_2)
FNDA:12,(anonymous_3)
FNDA:0,(anonymous_4)
DA:6,1
DA:7,1
DA:8,1
DA:13,1
DA:20,114
DA:21,1
DA:27,113
DA:28,3
DA:41,96
DA:42,0
DA:48,96
DA:49,2
DA:60,78
DA:61,1
DA:64,77
DA:65,1
DA:75,12
DA:84,0
LF:18
LH:16
BRDA:20,0,0,1
BRDA:20,0,1,113
BRDA:27,1,0,3
BRDA:27,1,1,110
BRDA:27,2,0,113
BRDA:27,2,1,111
BRDA:41,3,0,0
BRDA:41,3,1,96
BRDA:48,4,0,2
BRDA:48,4,1,94
BRDA:59,5,0,38
BRDA:60,6,0,1
BRDA:60,6,1,77
BRDA:60,7,0,78
BRDA:60,7,1,77
BRDA:64,8,0,1
BRDA:64,8,1,76
BRF:17
BRH:16
end_of_record
